1527523138934:help
1527523150147:clear
1527523163011:quit
1527523429690:show
1527523523422:store this is pop
1527523540471:store "this is pop"
1527523959399:hint
1527523964701:help
1527523978557:exit
1527525461225:store "this is pop"
1527525752510:exit
1527525792614:store
1527525805276:help
1527525820732:create-wallet
1527525830613:create-wallet ""
1527525835949:create-wallet "cc"
1527525869803:help
1527525883128:create-wallet "this"
1527525965078:exit
1527542513645:debug
1527542525003:deBug
1527542534531:help
1527542545203:de-bug
1527542550027:exit
1527542888363:de-bug
1527542894354:exit
1527544663786:de bug "not a bust"
1527544672976:help
1527544683872:de-bug "not a bust"
1527544699208:exit
1527545505530:de-bug
1527545512632:exit
1527593108756:help
1527593125507:show menomics
1527593132531:show-menomics
1527593147563:exit
1527593277046:help
1527593282165:show-menomics
1527593286677:exit
1527593319959:show-menomics
1527593333237:help
1527593360454:get-wallet-balance "this is pop"
1527593378870:exit
1527593486121:get-wallet-balance "this is pop"
1527594082325:exit
1527596260178:help
1527596301201:get-wallet-balance "this is pop"
1527596313089:exit
1527609904464:help
1527609927710:get-wallet-balance 'this is pop'
1527610268082:show-menomics
1527610281218:get-wallet-balance 'not a bust'
1527610573565:exit
1527624839510:help
1527624848453:clear
1527624852429:help
1527624866973:show-menomics
1527624903470:get-wallet-balance 'this is pop'
1527624915590:exit
1527625582077:help
1527625589212:show-menomics
1527626841002:exit
1527626859732:show-menomics
1527626866562:exit
1527627509424:help
1527627527918:get-remote-wallet-balance
1527627532998:exit
1527676986764:help
1527676998995:show-menomics
1527677063941:log-in
1527677075309:log-in 'tmp123'
1527677080541:show-menomics
1527677085973:exti
1527677102677:exit
1527679024970:help
1527679032312:show-menomics
1527679057753:log-in "tmp123"
1527679062857:show-menomics
1527679082977:exit
1527679143652:log-in "tmp123"
1527679147602:show-menomics
1527679160385:help
1527679187145:get-local-wallet-balance "this is pop"
1527679224928:get-remote-wallet-balance
1527679275458:get-local-wallet-balance "this is pop"
1527679284942:help
1527680748662:exit
1527681020850:log-in "tmp12345"
1527681040265:help
1527681075842:exit
1527681111332:log-in "tmp12345"
1527681140130:log-in "tmp123"
1527681156178:help
1527684663906:exit
1527715470884:help
1527715485778:log-in "tmp123"
1527715500410:help
1527715560026:run-transaction "this is pop" "0.0001"
1527715710067:exit
